{
  "RSpec": {
    "coverage": {
      "/home/aleak/mmht/BAMRU-Org/lib/base.rb": [
        null,
        null,
        null,
        null,
        null,
        null,
        null,
        null,
        1,
        1,
        1,
        null,
        1,
        1,
        null,
        null,
        1,
        null,
        null,
        null,
        1,
        1,
        null,
        null,
        1,
        1,
        1,
        1,
        1,
        1,
        null,
        null,
        null,
        1,
        1,
        null,
        1,
        1,
        1,
        null,
        null,
        null,
        1,
        1,
        1,
        null,
        null,
        null,
        1,
        1,
        null,
        null,
        null,
        1,
        1,
        null,
        null,
        null,
        1,
        null,
        1,
        1,
        null,
        1
      ],
      "/home/aleak/mmht/BAMRU-Org/lib/event/store.rb": [
        1,
        1,
        1,
        null,
        1,
        null,
        1,
        null,
        1,
        19,
        19,
        19,
        19,
        null,
        null,
        1,
        null,
        8,
        9,
        null,
        null,
        1,
        2,
        2,
        2,
        2,
        2,
        2,
        2,
        2,
        null,
        null,
        2,
        null,
        null,
        1,
        2,
        null,
        null,
        1,
        0,
        0,
        0,
        null,
        0,
        null,
        null,
        1,
        2,
        null,
        null,
        1,
        2,
        null,
        null,
        1,
        1,
        null,
        null,
        1,
        0,
        null,
        null,
        1,
        0,
        null,
        null,
        1,
        null,
        1,
        3,
        null,
        null,
        1,
        1,
        null,
        null,
        1,
        4,
        4,
        2100,
        2100,
        917,
        73,
        58,
        58,
        58,
        null,
        null,
        null,
        null
      ],
      "/home/aleak/mmht/BAMRU-Org/lib/event.rb": [
        1,
        1,
        1,
        null,
        1,
        null,
        1,
        1,
        null,
        1,
        1,
        null,
        1,
        557,
        557,
        6684,
        null,
        null,
        null,
        null,
        1,
        29,
        null,
        1,
        null,
        1,
        null,
        null,
        null,
        null,
        1,
        0,
        null,
        null,
        1,
        0,
        null,
        null,
        1,
        0,
        null,
        null,
        1,
        0,
        null,
        null
      ],
      "/home/aleak/mmht/BAMRU-Org/lib/date_range.rb": [
        1,
        1,
        1,
        4,
        null,
        null,
        1,
        3,
        null,
        null,
        1,
        1,
        0,
        null,
        null,
        1,
        1,
        0,
        null,
        null,
        1,
        3,
        null,
        null,
        1,
        3,
        null,
        null,
        1,
        1,
        null,
        null,
        1,
        1,
        null,
        null,
        1,
        1,
        null,
        null,
        1,
        0,
        null,
        null,
        1,
        null,
        1,
        8,
        null,
        null,
        1,
        1,
        null,
        null,
        null
      ],
      "/home/aleak/mmht/BAMRU-Org/lib/bnet/download.rb": [
        1,
        1,
        1,
        null,
        1,
        1,
        null,
        1,
        null,
        1,
        1,
        0,
        0,
        0,
        null,
        0,
        0,
        null,
        null,
        null,
        1,
        null,
        1,
        0,
        0,
        null,
        null,
        1,
        0,
        null,
        null,
        1,
        0,
        null,
        null,
        1,
        0,
        0,
        null,
        null,
        1,
        0,
        0,
        0,
        null,
        null,
        1,
        0,
        null,
        null,
        null,
        null
      ],
      "/home/aleak/mmht/BAMRU-Org/lib/rake/loggers.rb": [
        1,
        null,
        1,
        1,
        1,
        null,
        1,
        0,
        null,
        null,
        1,
        0,
        null,
        null,
        null
      ],
      "/home/aleak/mmht/BAMRU-Org/lib/bnet/refine.rb": [
        1,
        1,
        1,
        1,
        1,
        null,
        1,
        1,
        null,
        1,
        null,
        1,
        2,
        2,
        2,
        2,
        null,
        null,
        1,
        0,
        0,
        0,
        null,
        null,
        1,
        null,
        1,
        1,
        1,
        1,
        525,
        525,
        525,
        null,
        1,
        null,
        null,
        null,
        null
      ],
      "/home/aleak/mmht/BAMRU-Org/lib/gcal/client.rb": [
        1,
        1,
        1,
        1,
        1,
        1,
        1,
        1,
        null,
        1,
        1,
        1,
        null,
        1,
        1,
        1,
        1,
        null,
        1,
        null,
        null,
        null,
        1,
        3,
        3,
        3,
        null,
        null,
        1,
        0,
        null,
        null,
        null,
        null,
        null,
        null,
        null,
        null,
        0,
        0,
        0,
        0,
        0,
        0,
        0,
        null,
        null,
        0,
        null,
        null,
        1,
        0,
        null,
        null,
        null,
        null,
        null,
        null,
        null,
        0,
        null,
        null,
        null,
        null,
        0,
        0,
        0,
        null,
        null,
        1,
        0,
        null,
        null,
        null,
        0,
        0,
        0,
        null,
        0,
        0,
        null,
        0,
        null,
        null,
        1,
        null,
        null,
        null,
        null,
        null,
        null,
        null,
        null,
        1,
        3,
        3,
        3,
        3,
        3,
        0,
        0,
        null,
        null,
        null,
        0,
        0,
        null,
        3,
        null,
        null,
        null,
        null,
        1,
        0,
        0,
        null,
        0,
        null,
        null,
        null,
        1,
        0,
        0,
        0,
        null,
        null,
        null,
        0,
        0,
        null,
        null,
        null,
        1,
        0,
        0,
        null,
        null,
        null
      ],
      "/home/aleak/mmht/BAMRU-Org/lib/gcal/log.rb": [
        1,
        1,
        null,
        1,
        null,
        1,
        0,
        0,
        0,
        0,
        0,
        0,
        null,
        null,
        1,
        0,
        0,
        0,
        null,
        null,
        1,
        0,
        0,
        0,
        null,
        null,
        1,
        0,
        0,
        0,
        null,
        null,
        1,
        0,
        null,
        null,
        1,
        0,
        0,
        null,
        null,
        null
      ],
      "/home/aleak/mmht/BAMRU-Org/lib/gcal/download.rb": [
        1,
        1,
        1,
        1,
        null,
        1,
        1,
        null,
        1,
        null,
        1,
        1,
        0,
        0,
        0,
        null,
        0,
        null,
        null,
        null,
        1,
        null,
        1,
        0,
        0,
        0,
        null,
        null,
        1,
        0,
        null,
        null,
        1,
        0,
        null,
        null,
        1,
        0,
        0,
        0,
        null,
        null,
        1,
        0,
        null,
        null,
        null,
        null
      ],
      "/home/aleak/mmht/BAMRU-Org/lib/gcal/refine.rb": [
        1,
        1,
        1,
        1,
        1,
        null,
        1,
        1,
        null,
        1,
        null,
        1,
        3,
        3,
        3,
        3,
        null,
        null,
        1,
        0,
        0,
        0,
        null,
        null,
        1,
        null,
        1,
        6,
        6,
        null,
        null,
        1,
        2,
        2,
        null,
        null,
        1,
        null,
        1,
        null,
        19,
        null,
        null,
        1,
        1,
        19,
        19,
        null,
        null,
        null,
        null,
        null,
        null,
        null,
        null,
        null,
        null,
        19,
        null,
        null,
        null,
        1,
        null,
        null,
        19,
        19,
        null,
        19,
        19,
        15,
        15,
        null,
        4,
        null,
        19,
        null,
        null,
        null,
        null,
        null
      ],
      "/home/aleak/mmht/BAMRU-Org/lib/gcal/sync.rb": [
        1,
        1,
        1,
        1,
        null,
        null,
        1,
        1,
        null,
        1,
        1,
        null,
        null,
        null,
        1,
        0,
        0,
        0,
        null,
        null,
        null,
        null,
        1,
        0,
        0,
        null,
        null,
        1,
        null,
        null,
        1,
        0,
        null,
        null,
        null,
        null,
        1,
        1,
        null,
        null,
        1,
        1,
        null,
        null,
        null,
        null,
        1,
        0,
        null,
        null,
        1,
        0,
        null,
        null,
        null,
        null,
        1,
        0,
        0,
        0,
        0,
        0,
        null,
        0,
        0,
        null,
        null,
        1,
        0,
        0,
        0,
        0,
        0,
        null,
        0,
        0,
        null,
        null,
        null
      ],
      "/home/aleak/mmht/BAMRU-Org/lib/helpers/app_helpers.rb": [
        1,
        null,
        1,
        1,
        null,
        1,
        null,
        1,
        1,
        1,
        1,
        1,
        1,
        1,
        null,
        null,
        null,
        1,
        0,
        null,
        null,
        1,
        0,
        null,
        0,
        null,
        null,
        null,
        1,
        0,
        null,
        null,
        null,
        null,
        1,
        0,
        0,
        0,
        null,
        0,
        null,
        null,
        null,
        1,
        1,
        null,
        null,
        null,
        null,
        1,
        null,
        null,
        null,
        null,
        null,
        1,
        0,
        0,
        0,
        0,
        0,
        null,
        null,
        null,
        1,
        0,
        null,
        null
      ],
      "/home/aleak/mmht/BAMRU-Org/lib/helpers/events_helpers.rb": [
        1,
        1,
        1,
        1,
        1,
        null,
        1,
        null,
        null,
        1,
        1,
        null,
        null,
        1,
        0,
        null,
        null,
        null,
        null,
        1,
        2,
        null,
        null,
        1,
        1,
        null,
        null,
        1,
        0,
        null,
        null,
        null,
        null,
        1,
        2,
        2,
        2,
        29,
        29,
        29,
        29,
        29,
        null,
        null,
        null,
        1,
        0,
        null,
        null,
        1,
        null,
        1,
        3,
        null,
        null,
        1,
        29,
        null,
        29,
        null,
        null,
        null,
        null,
        null,
        null,
        null,
        null,
        null,
        null,
        null,
        null,
        null,
        null,
        1,
        null,
        null,
        0,
        null,
        null,
        null,
        null,
        null,
        null,
        null,
        null,
        1,
        29,
        29,
        29,
        29,
        29,
        null,
        null,
        1,
        83,
        29,
        29,
        27,
        null,
        null,
        1,
        29,
        null,
        null,
        1,
        0,
        null,
        null,
        1,
        0,
        0,
        0,
        0,
        null,
        null
      ]
    },
    "timestamp": 1439178034
  }
}
